<?xml version="1.0" encoding="UTF-8"?>
<testng-results ignored="0" total="1" passed="1" failed="0" skipped="0">
  <reporter-output>
  </reporter-output>
  <suite started-at="2023-06-18T18:36:08 PDT" name="Surefire suite" finished-at="2023-06-18T18:36:08 PDT" duration-ms="51">
    <groups>
    </groups>
    <test started-at="2023-06-18T18:36:08 PDT" name="Surefire test" finished-at="2023-06-18T18:36:08 PDT" duration-ms="51">
      <class name="Utilities.AppTest">
        <test-method signature="shouldAnswerWithTrue()" started-at="2023-06-18T18:36:08 PDT" name="shouldAnswerWithTrue" finished-at="2023-06-18T18:36:08 PDT" duration-ms="4" status="PASS">
          <reporter-output>
          </reporter-output>
        </test-method> <!-- shouldAnswerWithTrue -->
      </class> <!-- Utilities.AppTest -->
    </test> <!-- Surefire test -->
  </suite> <!-- Surefire suite -->
</testng-results>
