<?xml version="1.0" encoding="UTF-8"?>
<!-- Generated by org.testng.reporters.JUnitXMLReporter -->
<testsuite ignored="0" hostname="Pawan" failures="0" tests="6" name="Default test" time="43.397" errors="0" timestamp="2023-07-08T16:39:17 PDT">
  <testcase classname="TestCases.E2E_Test1" name="test_HomePage" time="0.581"/>
  <testcase classname="TestCases.E2E_Test1" name="test_UserRegistration" time="9.141"/>
  <testcase classname="TestCases.E2E_Test1" name="test_AddProductToCart" time="9.682"/>
  <testcase classname="TestCases.E2E_Test1" name="test_AddProductToCart" time="9.759"/>
  <testcase classname="TestCases.E2E_Test1" name="test_CheckoutPageFunctionality" time="4.137"/>
  <testcase classname="TestCases.E2E_Test1" name="test_OrderConfirmationPage" time="2.115"/>
</testsuite> <!-- Default test -->
