<?xml version="1.0" encoding="UTF-8"?>
<!-- Generated by org.testng.reporters.JUnitXMLReporter -->
<testsuite ignored="0" hostname="Pawan" failures="0" tests="6" name="Test" time="44.367" errors="0" timestamp="2023-07-08T17:37:07 PDT">
  <testcase classname="TestCases.Test_End2End_Flow" name="test_HomePage" time="0.375"/>
  <testcase classname="TestCases.Test_End2End_Flow" name="test_UserRegistration" time="8.795"/>
  <testcase classname="TestCases.Test_End2End_Flow" name="test_AddProductToCart" time="9.626"/>
  <testcase classname="TestCases.Test_End2End_Flow" name="test_AddProductToCart" time="9.731"/>
  <testcase classname="TestCases.Test_End2End_Flow" name="test_CheckoutPageFunctionality" time="6.707"/>
  <testcase classname="TestCases.Test_End2End_Flow" name="test_OrderConfirmationPage" time="2.103"/>
</testsuite> <!-- Test -->
