<?xml version="1.0" encoding="UTF-8"?>
<testng-results ignored="0" total="1" passed="1" failed="0" skipped="0">
  <reporter-output>
  </reporter-output>
  <suite started-at="2023-06-18T18:35:47 PDT" name="Surefire suite" finished-at="2023-06-18T18:36:07 PDT" duration-ms="19954">
    <groups>
    </groups>
    <test started-at="2023-06-18T18:35:47 PDT" name="Surefire test" finished-at="2023-06-18T18:36:07 PDT" duration-ms="19954">
      <class name="TestCases.Test1_Registration">
        <test-method signature="lunchBrowser()[pri:0, instance:TestCases.Test1_Registration@70be0a2b]" started-at="2023-06-18T18:35:47 PDT" name="lunchBrowser" finished-at="2023-06-18T18:36:07 PDT" duration-ms="19897" status="PASS">
          <reporter-output>
          </reporter-output>
        </test-method> <!-- lunchBrowser -->
        <test-method is-config="true" signature="tearDown()[pri:0, instance:TestCases.Test1_Registration@70be0a2b]" started-at="2023-06-18T18:36:07 PDT" name="tearDown" finished-at="2023-06-18T18:36:07 PDT" duration-ms="2" status="PASS">
          <reporter-output>
          </reporter-output>
        </test-method> <!-- tearDown -->
      </class> <!-- TestCases.Test1_Registration -->
    </test> <!-- Surefire test -->
  </suite> <!-- Surefire suite -->
</testng-results>
