<?xml version="1.0" encoding="UTF-8"?>
<!-- Generated by org.testng.reporters.JUnitXMLReporter -->
<testsuite ignored="0" hostname="Pawan" failures="0" tests="4" name="Test" time="39.423" errors="0" timestamp="2023-07-08T17:35:37 PDT">
  <testcase classname="TestCases.Test_End2End_Flow" name="test_HomePage" time="0.075"/>
  <testcase classname="TestCases.Test_End2End_Flow" name="test_UserRegistration" time="9.265"/>
  <testcase classname="TestCases.Test_End2End_Flow" name="test_AddProductToCart" time="9.531"/>
  <testcase classname="TestCases.Test_End2End_Flow" name="test_AddProductToCart" time="9.358"/>
</testsuite> <!-- Test -->
