<?xml version="1.0" encoding="UTF-8"?>
<!-- Generated by org.testng.reporters.JUnitXMLReporter -->
<testsuite ignored="0" hostname="Pawan" failures="0" tests="6" name="Test" time="53.105" errors="0" timestamp="2023-07-17T20:53:51 PDT">
  <testcase classname="TestCases.Test_End2End_Flow" name="test_HomePage" time="0.342"/>
  <testcase classname="TestCases.Test_End2End_Flow" name="test_UserRegistration" time="8.852"/>
  <testcase classname="TestCases.Test_End2End_Flow" name="test_AddProductToCart" time="9.653"/>
  <testcase classname="TestCases.Test_End2End_Flow" name="test_AddProductToCart" time="9.688"/>
  <testcase classname="TestCases.Test_End2End_Flow" name="test_CheckoutPageFunctionality" time="6.867"/>
  <testcase classname="TestCases.Test_End2End_Flow" name="test_OrderConfirmationPage" time="2.105"/>
</testsuite> <!-- Test -->
