<?xml version="1.0" encoding="UTF-8"?>
<testng-results ignored="0" total="6" passed="6" failed="0" skipped="0">
  <reporter-output>
  </reporter-output>
  <suite started-at="2023-07-17T20:52:58 PDT" name="Suite" finished-at="2023-07-17T20:53:51 PDT" duration-ms="53105">
    <groups>
    </groups>
    <test started-at="2023-07-17T20:52:58 PDT" name="Test" finished-at="2023-07-17T20:53:51 PDT" duration-ms="53105">
      <class name="TestCases.Test_End2End_Flow">
        <test-method is-config="true" signature="lunchBrowser()[pri:0, instance:TestCases.Test_End2End_Flow@5c86dbc5]" started-at="2023-07-17T20:52:58 PDT" name="lunchBrowser" finished-at="2023-07-17T20:53:13 PDT" duration-ms="15252" status="PASS">
          <reporter-output>
          </reporter-output>
        </test-method> <!-- lunchBrowser -->
        <test-method signature="test_HomePage()[pri:1, instance:TestCases.Test_End2End_Flow@5c86dbc5]" started-at="2023-07-17T20:53:13 PDT" name="test_HomePage" finished-at="2023-07-17T20:53:13 PDT" duration-ms="342" status="PASS">
          <reporter-output>
          </reporter-output>
        </test-method> <!-- test_HomePage -->
        <test-method signature="test_UserRegistration()[pri:2, instance:TestCases.Test_End2End_Flow@5c86dbc5]" started-at="2023-07-17T20:53:13 PDT" name="test_UserRegistration" finished-at="2023-07-17T20:53:22 PDT" depends-on-methods="TestCases.Test_End2End_Flow.test_HomePage" duration-ms="8852" status="PASS">
          <reporter-output>
          </reporter-output>
        </test-method> <!-- test_UserRegistration -->
        <test-method signature="test_AddProductToCart(java.lang.String,java.lang.String)[pri:3, instance:TestCases.Test_End2End_Flow@5c86dbc5]" started-at="2023-07-17T20:53:22 PDT" name="test_AddProductToCart" data-provider="getProductName" finished-at="2023-07-17T20:53:32 PDT" depends-on-methods="TestCases.Test_End2End_Flow.test_UserRegistration" duration-ms="9653" status="PASS">
          <params>
            <param index="0">
              <value>
                <![CDATA[Cameras]]>
              </value>
            </param>
            <param index="1">
              <value>
                <![CDATA[Palm Treo Pro]]>
              </value>
            </param>
          </params>
          <reporter-output>
          </reporter-output>
        </test-method> <!-- test_AddProductToCart -->
        <test-method signature="test_AddProductToCart(java.lang.String,java.lang.String)[pri:3, instance:TestCases.Test_End2End_Flow@5c86dbc5]" started-at="2023-07-17T20:53:32 PDT" name="test_AddProductToCart" data-provider="getProductName" finished-at="2023-07-17T20:53:42 PDT" depends-on-methods="TestCases.Test_End2End_Flow.test_UserRegistration" duration-ms="9688" status="PASS">
          <params>
            <param index="0">
              <value>
                <![CDATA[Laptops & Notebooks]]>
              </value>
            </param>
            <param index="1">
              <value>
                <![CDATA[MacBook Pro]]>
              </value>
            </param>
          </params>
          <reporter-output>
          </reporter-output>
        </test-method> <!-- test_AddProductToCart -->
        <test-method signature="test_CheckoutPageFunctionality()[pri:4, instance:TestCases.Test_End2End_Flow@5c86dbc5]" started-at="2023-07-17T20:53:42 PDT" name="test_CheckoutPageFunctionality" finished-at="2023-07-17T20:53:48 PDT" depends-on-methods="TestCases.Test_End2End_Flow.test_AddProductToCart" duration-ms="6867" status="PASS">
          <reporter-output>
          </reporter-output>
        </test-method> <!-- test_CheckoutPageFunctionality -->
        <test-method signature="test_OrderConfirmationPage()[pri:5, instance:TestCases.Test_End2End_Flow@5c86dbc5]" started-at="2023-07-17T20:53:48 PDT" name="test_OrderConfirmationPage" finished-at="2023-07-17T20:53:51 PDT" depends-on-methods="TestCases.Test_End2End_Flow.test_CheckoutPageFunctionality" duration-ms="2105" status="PASS">
          <reporter-output>
          </reporter-output>
        </test-method> <!-- test_OrderConfirmationPage -->
        <test-method is-config="true" signature="tearDown()[pri:0, instance:TestCases.Test_End2End_Flow@5c86dbc5]" started-at="2023-07-17T20:53:51 PDT" name="tearDown" finished-at="2023-07-17T20:53:51 PDT" duration-ms="280" status="PASS">
          <reporter-output>
          </reporter-output>
        </test-method> <!-- tearDown -->
      </class> <!-- TestCases.Test_End2End_Flow -->
    </test> <!-- Test -->
  </suite> <!-- Suite -->
</testng-results>
