<?xml version="1.0" encoding="UTF-8"?>
<testng-results ignored="0" total="6" passed="6" failed="0" skipped="0">
  <reporter-output>
  </reporter-output>
  <suite started-at="2023-07-08T16:58:14 PDT" name="Suite" finished-at="2023-07-08T16:59:04 PDT" duration-ms="50314">
    <groups>
    </groups>
    <test started-at="2023-07-08T16:58:14 PDT" name="Test" finished-at="2023-07-08T16:59:04 PDT" duration-ms="50314">
      <class name="TestCases.Test_End2End_Flow">
        <test-method is-config="true" signature="lunchBrowser()[pri:0, instance:TestCases.Test_End2End_Flow@730d2164]" started-at="2023-07-08T16:58:14 PDT" name="lunchBrowser" finished-at="2023-07-08T16:58:22 PDT" duration-ms="8760" status="PASS">
          <reporter-output>
          </reporter-output>
        </test-method> <!-- lunchBrowser -->
        <test-method signature="test_HomePage()[pri:1, instance:TestCases.Test_End2End_Flow@730d2164]" started-at="2023-07-08T16:58:23 PDT" name="test_HomePage" finished-at="2023-07-08T16:58:23 PDT" duration-ms="681" status="PASS">
          <reporter-output>
          </reporter-output>
        </test-method> <!-- test_HomePage -->
        <test-method signature="test_UserRegistration()[pri:2, instance:TestCases.Test_End2End_Flow@730d2164]" started-at="2023-07-08T16:58:23 PDT" name="test_UserRegistration" finished-at="2023-07-08T16:58:35 PDT" depends-on-methods="TestCases.Test_End2End_Flow.test_HomePage" duration-ms="12117" status="PASS">
          <reporter-output>
          </reporter-output>
        </test-method> <!-- test_UserRegistration -->
        <test-method signature="test_AddProductToCart(java.lang.String,java.lang.String)[pri:3, instance:TestCases.Test_End2End_Flow@730d2164]" started-at="2023-07-08T16:58:35 PDT" name="test_AddProductToCart" data-provider="getProductName" finished-at="2023-07-08T16:58:45 PDT" depends-on-methods="TestCases.Test_End2End_Flow.test_UserRegistration" duration-ms="9694" status="PASS">
          <params>
            <param index="0">
              <value>
                <![CDATA[Cameras]]>
              </value>
            </param>
            <param index="1">
              <value>
                <![CDATA[Palm Treo Pro]]>
              </value>
            </param>
          </params>
          <reporter-output>
          </reporter-output>
        </test-method> <!-- test_AddProductToCart -->
        <test-method signature="test_AddProductToCart(java.lang.String,java.lang.String)[pri:3, instance:TestCases.Test_End2End_Flow@730d2164]" started-at="2023-07-08T16:58:45 PDT" name="test_AddProductToCart" data-provider="getProductName" finished-at="2023-07-08T16:58:55 PDT" depends-on-methods="TestCases.Test_End2End_Flow.test_UserRegistration" duration-ms="9601" status="PASS">
          <params>
            <param index="0">
              <value>
                <![CDATA[Laptops & Notebooks]]>
              </value>
            </param>
            <param index="1">
              <value>
                <![CDATA[MacBook Pro]]>
              </value>
            </param>
          </params>
          <reporter-output>
          </reporter-output>
        </test-method> <!-- test_AddProductToCart -->
        <test-method signature="test_CheckoutPageFunctionality()[pri:4, instance:TestCases.Test_End2End_Flow@730d2164]" started-at="2023-07-08T16:58:55 PDT" name="test_CheckoutPageFunctionality" finished-at="2023-07-08T16:59:01 PDT" depends-on-methods="TestCases.Test_End2End_Flow.test_AddProductToCart" duration-ms="6838" status="PASS">
          <reporter-output>
          </reporter-output>
        </test-method> <!-- test_CheckoutPageFunctionality -->
        <test-method signature="test_OrderConfirmationPage()[pri:5, instance:TestCases.Test_End2End_Flow@730d2164]" started-at="2023-07-08T16:59:01 PDT" name="test_OrderConfirmationPage" finished-at="2023-07-08T16:59:04 PDT" depends-on-methods="TestCases.Test_End2End_Flow.test_CheckoutPageFunctionality" duration-ms="2088" status="PASS">
          <reporter-output>
          </reporter-output>
        </test-method> <!-- test_OrderConfirmationPage -->
        <test-method is-config="true" signature="tearDown()[pri:0, instance:TestCases.Test_End2End_Flow@730d2164]" started-at="2023-07-08T16:59:04 PDT" name="tearDown" finished-at="2023-07-08T16:59:04 PDT" duration-ms="393" status="PASS">
          <reporter-output>
          </reporter-output>
        </test-method> <!-- tearDown -->
      </class> <!-- TestCases.Test_End2End_Flow -->
    </test> <!-- Test -->
  </suite> <!-- Suite -->
</testng-results>
