<?xml version="1.0" encoding="UTF-8"?>
<testng-results ignored="0" total="6" passed="6" failed="0" skipped="0">
  <reporter-output>
  </reporter-output>
  <suite started-at="2023-07-08T17:36:22 PDT" name="Suite" finished-at="2023-07-08T17:37:07 PDT" duration-ms="44367">
    <groups>
    </groups>
    <test started-at="2023-07-08T17:36:22 PDT" name="Test" finished-at="2023-07-08T17:37:07 PDT" duration-ms="44367">
      <class name="TestCases.Test_End2End_Flow">
        <test-method is-config="true" signature="lunchBrowser()[pri:0, instance:TestCases.Test_End2End_Flow@42039326]" started-at="2023-07-08T17:36:22 PDT" name="lunchBrowser" finished-at="2023-07-08T17:36:29 PDT" duration-ms="6628" status="PASS">
          <reporter-output>
          </reporter-output>
        </test-method> <!-- lunchBrowser -->
        <test-method signature="test_HomePage()[pri:1, instance:TestCases.Test_End2End_Flow@42039326]" started-at="2023-07-08T17:36:29 PDT" name="test_HomePage" finished-at="2023-07-08T17:36:29 PDT" duration-ms="375" status="PASS">
          <reporter-output>
          </reporter-output>
        </test-method> <!-- test_HomePage -->
        <test-method signature="test_UserRegistration()[pri:2, instance:TestCases.Test_End2End_Flow@42039326]" started-at="2023-07-08T17:36:29 PDT" name="test_UserRegistration" finished-at="2023-07-08T17:36:38 PDT" depends-on-methods="TestCases.Test_End2End_Flow.test_HomePage" duration-ms="8795" status="PASS">
          <reporter-output>
          </reporter-output>
        </test-method> <!-- test_UserRegistration -->
        <test-method signature="test_AddProductToCart(java.lang.String,java.lang.String)[pri:3, instance:TestCases.Test_End2End_Flow@42039326]" started-at="2023-07-08T17:36:38 PDT" name="test_AddProductToCart" data-provider="getProductName" finished-at="2023-07-08T17:36:48 PDT" depends-on-methods="TestCases.Test_End2End_Flow.test_UserRegistration" duration-ms="9626" status="PASS">
          <params>
            <param index="0">
              <value>
                <![CDATA[Cameras]]>
              </value>
            </param>
            <param index="1">
              <value>
                <![CDATA[Palm Treo Pro]]>
              </value>
            </param>
          </params>
          <reporter-output>
          </reporter-output>
        </test-method> <!-- test_AddProductToCart -->
        <test-method signature="test_AddProductToCart(java.lang.String,java.lang.String)[pri:3, instance:TestCases.Test_End2End_Flow@42039326]" started-at="2023-07-08T17:36:48 PDT" name="test_AddProductToCart" data-provider="getProductName" finished-at="2023-07-08T17:36:57 PDT" depends-on-methods="TestCases.Test_End2End_Flow.test_UserRegistration" duration-ms="9731" status="PASS">
          <params>
            <param index="0">
              <value>
                <![CDATA[Laptops & Notebooks]]>
              </value>
            </param>
            <param index="1">
              <value>
                <![CDATA[MacBook Pro]]>
              </value>
            </param>
          </params>
          <reporter-output>
          </reporter-output>
        </test-method> <!-- test_AddProductToCart -->
        <test-method signature="test_CheckoutPageFunctionality()[pri:4, instance:TestCases.Test_End2End_Flow@42039326]" started-at="2023-07-08T17:36:57 PDT" name="test_CheckoutPageFunctionality" finished-at="2023-07-08T17:37:04 PDT" depends-on-methods="TestCases.Test_End2End_Flow.test_AddProductToCart" duration-ms="6707" status="PASS">
          <reporter-output>
          </reporter-output>
        </test-method> <!-- test_CheckoutPageFunctionality -->
        <test-method signature="test_OrderConfirmationPage()[pri:5, instance:TestCases.Test_End2End_Flow@42039326]" started-at="2023-07-08T17:37:04 PDT" name="test_OrderConfirmationPage" finished-at="2023-07-08T17:37:06 PDT" depends-on-methods="TestCases.Test_End2End_Flow.test_CheckoutPageFunctionality" duration-ms="2103" status="PASS">
          <reporter-output>
          </reporter-output>
        </test-method> <!-- test_OrderConfirmationPage -->
        <test-method is-config="true" signature="tearDown()[pri:0, instance:TestCases.Test_End2End_Flow@42039326]" started-at="2023-07-08T17:37:06 PDT" name="tearDown" finished-at="2023-07-08T17:37:07 PDT" duration-ms="317" status="PASS">
          <reporter-output>
          </reporter-output>
        </test-method> <!-- tearDown -->
      </class> <!-- TestCases.Test_End2End_Flow -->
    </test> <!-- Test -->
  </suite> <!-- Suite -->
</testng-results>
